<?xml version="1.0" encoding="UTF-8"?>
<testsuite name="TicTacToeTest" tests="1" skipped="0" failures="0" errors="0" timestamp="2020-06-09T11:42:35" hostname="N3XuSPrIM3" time="0.395">
  <properties/>
  <testcase name="start" classname="TicTacToeTest" time="0.395"/>
  <system-out><![CDATA[?[1;31m
Start test 1?[0m
Enter cells: > _XXOO_OX_
---------
| _ X X |
| O O _ |
| O X _ |
---------
Enter the coordinates:
> 1 1
This cell is occupied! Choose another one!
Enter the coordinates:
> 1 2
This cell is occupied! Choose another one!
Enter the coordinates:
> 1 3
---------
| X X X |
| O O _ |
| O X _ |
---------
?[1;31m
Start test 2?[0m
Enter cells: > _XXOO_OX_
---------
| _ X X |
| O O _ |
| O X _ |
---------
Enter the coordinates:
> 4 1
Coordinates should be from 1 to 3!
Enter the coordinates:
> 1 2
This cell is occupied! Choose another one!
Enter the coordinates:
> 1 3
---------
| X X X |
| O O _ |
| O X _ |
---------
?[1;31m
Start test 3?[0m
Enter cells: > _XXOO_OX_
---------
| _ X X |
| O O _ |
| O X _ |
---------
Enter the coordinates:
> 1 3
---------
| X X X |
| O O _ |
| O X _ |
---------
?[1;31m
Start test 4?[0m
Enter cells: > _XXOO_OX_
---------
| _ X X |
| O O _ |
| O X _ |
---------
Enter the coordinates:
> 4 3
Coordinates should be from 1 to 3!
Enter the coordinates:
> 2 1
This cell is occupied! Choose another one!
Enter the coordinates:
> 2 2
This cell is occupied! Choose another one!
Enter the coordinates:
> 2 3
This cell is occupied! Choose another one!
Enter the coordinates:
> 3 1
---------
| _ X X |
| O O _ |
| O X X |
---------
?[1;31m
Start test 5?[0m
Enter cells: > _XXOO_OX_
---------
| _ X X |
| O O _ |
| O X _ |
---------
Enter the coordinates:
> 2 2
This cell is occupied! Choose another one!
Enter the coordinates:
> 2 3
This cell is occupied! Choose another one!
Enter the coordinates:
> 3 1
---------
| _ X X |
| O O _ |
| O X X |
---------
?[1;31m
Start test 6?[0m
Enter cells: > _XXOO_OX_
---------
| _ X X |
| O O _ |
| O X _ |
---------
Enter the coordinates:
> 4 5
Coordinates should be from 1 to 3!
Enter the coordinates:
> 2 3
This cell is occupied! Choose another one!
Enter the coordinates:
> 3 1
---------
| _ X X |
| O O _ |
| O X X |
---------
?[1;31m
Start test 7?[0m
Enter cells: > _XXOO_OX_
---------
| _ X X |
| O O _ |
| O X _ |
---------
Enter the coordinates:
> 3 1
---------
| _ X X |
| O O _ |
| O X X |
---------
?[1;31m
Start test 8?[0m
Enter cells: > _XXOO_OX_
---------
| _ X X |
| O O _ |
| O X _ |
---------
Enter the coordinates:
> 4 7
Coordinates should be from 1 to 3!
Enter the coordinates:
> 3 2
---------
| _ X X |
| O O X |
| O X _ |
---------
?[1;31m
Start test 9?[0m
Enter cells: > _XXOO_OX_
---------
| _ X X |
| O O _ |
| O X _ |
---------
Enter the coordinates:
> 3 3
This cell is occupied! Choose another one!
Enter the coordinates:
> 1 1
This cell is occupied! Choose another one!
Enter the coordinates:
> 1 2
This cell is occupied! Choose another one!
Enter the coordinates:
> 1 3
---------
| X X X |
| O O _ |
| O X _ |
---------
?[1;31m
Start test 10?[0m
Enter cells: > _________
---------
| _ _ _ |
| _ _ _ |
| _ _ _ |
---------
Enter the coordinates:
> 4 9
Coordinates should be from 1 to 3!
Enter the coordinates:
> 1 1
---------
| _ _ _ |
| _ _ _ |
| X _ _ |
---------
?[1;31m
Start test 11?[0m
Enter cells: > _________
---------
| _ _ _ |
| _ _ _ |
| _ _ _ |
---------
Enter the coordinates:
> 1 2
---------
| _ _ _ |
| X _ _ |
| _ _ _ |
---------
?[1;31m
Start test 12?[0m
Enter cells: > _________
---------
| _ _ _ |
| _ _ _ |
| _ _ _ |
---------
Enter the coordinates:
> 4 11
Coordinates should be from 1 to 3!
Enter the coordinates:
> 1 3
---------
| X _ _ |
| _ _ _ |
| _ _ _ |
---------
?[1;31m
Start test 13?[0m
Enter cells: > _________
---------
| _ _ _ |
| _ _ _ |
| _ _ _ |
---------
Enter the coordinates:
> 2 1
---------
| _ _ _ |
| _ _ _ |
| _ X _ |
---------
?[1;31m
Start test 14?[0m
Enter cells: > _________
---------
| _ _ _ |
| _ _ _ |
| _ _ _ |
---------
Enter the coordinates:
> 4 13
Coordinates should be from 1 to 3!
Enter the coordinates:
> 2 2
---------
| _ _ _ |
| _ X _ |
| _ _ _ |
---------
?[1;31m
Start test 15?[0m
Enter cells: > _________
---------
| _ _ _ |
| _ _ _ |
| _ _ _ |
---------
Enter the coordinates:
> 2 3
---------
| _ X _ |
| _ _ _ |
| _ _ _ |
---------
?[1;31m
Start test 16?[0m
Enter cells: > _________
---------
| _ _ _ |
| _ _ _ |
| _ _ _ |
---------
Enter the coordinates:
> 4 15
Coordinates should be from 1 to 3!
Enter the coordinates:
> 3 1
---------
| _ _ _ |
| _ _ _ |
| _ _ X |
---------
?[1;31m
Start test 17?[0m
Enter cells: > _________
---------
| _ _ _ |
| _ _ _ |
| _ _ _ |
---------
Enter the coordinates:
> 3 2
---------
| _ _ _ |
| _ _ X |
| _ _ _ |
---------
?[1;31m
Start test 18?[0m
Enter cells: > _________
---------
| _ _ _ |
| _ _ _ |
| _ _ _ |
---------
Enter the coordinates:
> 4 17
Coordinates should be from 1 to 3!
Enter the coordinates:
> 3 3
---------
| _ _ X |
| _ _ _ |
| _ _ _ |
---------
?[1;31m
Start test 19?[0m
Enter cells: > X_X_O____
---------
| X _ X |
| _ O _ |
| _ _ _ |
---------
Enter the coordinates:
> 1 1
---------
| X _ X |
| _ O _ |
| X _ _ |
---------
?[1;31m
Start test 20?[0m
Enter cells: > X_X_O____
---------
| X _ X |
| _ O _ |
| _ _ _ |
---------
Enter the coordinates:
> 4 19
Coordinates should be from 1 to 3!
Enter the coordinates:
> 1 2
---------
| X _ X |
| X O _ |
| _ _ _ |
---------
?[1;31m
Start test 21?[0m
Enter cells: > X_X_O____
---------
| X _ X |
| _ O _ |
| _ _ _ |
---------
Enter the coordinates:
> 1 3
This cell is occupied! Choose another one!
Enter the coordinates:
> 2 1
---------
| X _ X |
| _ O _ |
| _ X _ |
---------
?[1;31m
Start test 22?[0m
Enter cells: > X_X_O____
---------
| X _ X |
| _ O _ |
| _ _ _ |
---------
Enter the coordinates:
> 4 21
Coordinates should be from 1 to 3!
Enter the coordinates:
> 2 1
---------
| X _ X |
| _ O _ |
| _ X _ |
---------
?[1;31m
Start test 23?[0m
Enter cells: > X_X_O____
---------
| X _ X |
| _ O _ |
| _ _ _ |
---------
Enter the coordinates:
> 2 2
This cell is occupied! Choose another one!
Enter the coordinates:
> 2 3
---------
| X X X |
| _ O _ |
| _ _ _ |
---------
?[1;31m
Start test 24?[0m
Enter cells: > X_X_O____
---------
| X _ X |
| _ O _ |
| _ _ _ |
---------
Enter the coordinates:
> 4 23
Coordinates should be from 1 to 3!
Enter the coordinates:
> 2 3
---------
| X X X |
| _ O _ |
| _ _ _ |
---------
?[1;31m
Start test 25?[0m
Enter cells: > X_X_O____
---------
| X _ X |
| _ O _ |
| _ _ _ |
---------
Enter the coordinates:
> 3 1
---------
| X _ X |
| _ O _ |
| _ _ X |
---------
?[1;31m
Start test 26?[0m
Enter cells: > X_X_O____
---------
| X _ X |
| _ O _ |
| _ _ _ |
---------
Enter the coordinates:
> 4 25
Coordinates should be from 1 to 3!
Enter the coordinates:
> 3 2
---------
| X _ X |
| _ O X |
| _ _ _ |
---------
?[1;31m
Start test 27?[0m
Enter cells: > X_X_O____
---------
| X _ X |
| _ O _ |
| _ _ _ |
---------
Enter the coordinates:
> 3 3
This cell is occupied! Choose another one!
Enter the coordinates:
> 1 1
---------
| X _ X |
| _ O _ |
| X _ _ |
---------
]]></system-out>
  <system-err><![CDATA[]]></system-err>
</testsuite>
